{"/Users/leevi/repos/scrabbler/backend/solver.js": {"path":"/Users/leevi/repos/scrabbler/backend/solver.js","all":false,"statementMap":{"0":{"start":{"line":1,"column":0},"end":{"line":1,"column":21}},"1":{"start":{"line":2,"column":0},"end":{"line":2,"column":10}},"2":{"start":{"line":3,"column":0},"end":{"line":3,"column":9}},"3":{"start":{"line":4,"column":0},"end":{"line":4,"column":9}},"4":{"start":{"line":5,"column":0},"end":{"line":5,"column":9}},"5":{"start":{"line":6,"column":0},"end":{"line":6,"column":9}},"6":{"start":{"line":7,"column":0},"end":{"line":7,"column":10}},"7":{"start":{"line":8,"column":0},"end":{"line":8,"column":10}},"8":{"start":{"line":9,"column":0},"end":{"line":9,"column":10}},"9":{"start":{"line":10,"column":0},"end":{"line":10,"column":14}},"10":{"start":{"line":11,"column":0},"end":{"line":11,"column":1}},"11":{"start":{"line":12,"column":0},"end":{"line":12,"column":0}},"12":{"start":{"line":13,"column":0},"end":{"line":13,"column":48}},"13":{"start":{"line":14,"column":0},"end":{"line":14,"column":0}},"14":{"start":{"line":15,"column":0},"end":{"line":15,"column":0}},"15":{"start":{"line":16,"column":0},"end":{"line":16,"column":41}},"16":{"start":{"line":17,"column":0},"end":{"line":17,"column":39}},"17":{"start":{"line":18,"column":0},"end":{"line":18,"column":64}},"18":{"start":{"line":19,"column":0},"end":{"line":19,"column":62}},"19":{"start":{"line":20,"column":0},"end":{"line":20,"column":23}},"20":{"start":{"line":21,"column":0},"end":{"line":21,"column":10}},"21":{"start":{"line":22,"column":0},"end":{"line":22,"column":8}},"22":{"start":{"line":23,"column":0},"end":{"line":23,"column":18}},"23":{"start":{"line":24,"column":0},"end":{"line":24,"column":6}},"24":{"start":{"line":25,"column":0},"end":{"line":25,"column":25}},"25":{"start":{"line":26,"column":0},"end":{"line":26,"column":57}},"26":{"start":{"line":27,"column":0},"end":{"line":27,"column":27}},"27":{"start":{"line":28,"column":0},"end":{"line":28,"column":26}},"28":{"start":{"line":29,"column":0},"end":{"line":29,"column":8}},"29":{"start":{"line":30,"column":0},"end":{"line":30,"column":6}},"30":{"start":{"line":31,"column":0},"end":{"line":31,"column":21}},"31":{"start":{"line":32,"column":0},"end":{"line":32,"column":4}},"32":{"start":{"line":33,"column":0},"end":{"line":33,"column":0}},"33":{"start":{"line":34,"column":0},"end":{"line":34,"column":0}},"34":{"start":{"line":35,"column":0},"end":{"line":35,"column":40}},"35":{"start":{"line":36,"column":0},"end":{"line":36,"column":36}},"36":{"start":{"line":37,"column":0},"end":{"line":37,"column":29}},"37":{"start":{"line":38,"column":0},"end":{"line":38,"column":0}},"38":{"start":{"line":39,"column":0},"end":{"line":39,"column":58}},"39":{"start":{"line":40,"column":0},"end":{"line":40,"column":20}},"40":{"start":{"line":41,"column":0},"end":{"line":41,"column":80}},"41":{"start":{"line":42,"column":0},"end":{"line":42,"column":37}},"42":{"start":{"line":43,"column":0},"end":{"line":43,"column":6}},"43":{"start":{"line":44,"column":0},"end":{"line":44,"column":66}},"44":{"start":{"line":45,"column":0},"end":{"line":45,"column":19}},"45":{"start":{"line":46,"column":0},"end":{"line":46,"column":56}},"46":{"start":{"line":47,"column":0},"end":{"line":47,"column":18}},"47":{"start":{"line":48,"column":0},"end":{"line":48,"column":6}},"48":{"start":{"line":49,"column":0},"end":{"line":49,"column":84}},"49":{"start":{"line":50,"column":0},"end":{"line":50,"column":15}},"50":{"start":{"line":51,"column":0},"end":{"line":51,"column":4}},"51":{"start":{"line":52,"column":0},"end":{"line":52,"column":0}},"52":{"start":{"line":53,"column":0},"end":{"line":53,"column":58}},"53":{"start":{"line":54,"column":0},"end":{"line":54,"column":47}},"54":{"start":{"line":55,"column":0},"end":{"line":55,"column":39}},"55":{"start":{"line":56,"column":0},"end":{"line":56,"column":55}},"56":{"start":{"line":57,"column":0},"end":{"line":57,"column":28}},"57":{"start":{"line":58,"column":0},"end":{"line":58,"column":13}},"58":{"start":{"line":59,"column":0},"end":{"line":59,"column":46}},"59":{"start":{"line":60,"column":0},"end":{"line":60,"column":45}},"60":{"start":{"line":61,"column":0},"end":{"line":61,"column":6}},"61":{"start":{"line":62,"column":0},"end":{"line":62,"column":40}},"62":{"start":{"line":63,"column":0},"end":{"line":63,"column":54}},"63":{"start":{"line":64,"column":0},"end":{"line":64,"column":23}},"64":{"start":{"line":65,"column":0},"end":{"line":65,"column":28}},"65":{"start":{"line":66,"column":0},"end":{"line":66,"column":50}},"66":{"start":{"line":67,"column":0},"end":{"line":67,"column":43}},"67":{"start":{"line":68,"column":0},"end":{"line":68,"column":19}},"68":{"start":{"line":69,"column":0},"end":{"line":69,"column":6}},"69":{"start":{"line":70,"column":0},"end":{"line":70,"column":23}},"70":{"start":{"line":71,"column":0},"end":{"line":71,"column":24}},"71":{"start":{"line":72,"column":0},"end":{"line":72,"column":58}},"72":{"start":{"line":73,"column":0},"end":{"line":73,"column":79}},"73":{"start":{"line":74,"column":0},"end":{"line":74,"column":43}},"74":{"start":{"line":75,"column":0},"end":{"line":75,"column":19}},"75":{"start":{"line":76,"column":0},"end":{"line":76,"column":6}},"76":{"start":{"line":77,"column":0},"end":{"line":77,"column":41}},"77":{"start":{"line":78,"column":0},"end":{"line":78,"column":105}},"78":{"start":{"line":79,"column":0},"end":{"line":79,"column":67}},"79":{"start":{"line":80,"column":0},"end":{"line":80,"column":65}},"80":{"start":{"line":81,"column":0},"end":{"line":81,"column":101}},"81":{"start":{"line":82,"column":0},"end":{"line":82,"column":33}},"82":{"start":{"line":83,"column":0},"end":{"line":83,"column":41}},"83":{"start":{"line":84,"column":0},"end":{"line":84,"column":41}},"84":{"start":{"line":85,"column":0},"end":{"line":85,"column":49}},"85":{"start":{"line":86,"column":0},"end":{"line":86,"column":20}},"86":{"start":{"line":87,"column":0},"end":{"line":87,"column":2}},"87":{"start":{"line":88,"column":0},"end":{"line":88,"column":4}},"88":{"start":{"line":89,"column":0},"end":{"line":89,"column":0}},"89":{"start":{"line":90,"column":0},"end":{"line":90,"column":65}},"90":{"start":{"line":91,"column":0},"end":{"line":91,"column":20}},"91":{"start":{"line":92,"column":0},"end":{"line":92,"column":80}},"92":{"start":{"line":93,"column":0},"end":{"line":93,"column":37}},"93":{"start":{"line":94,"column":0},"end":{"line":94,"column":6}},"94":{"start":{"line":95,"column":0},"end":{"line":95,"column":0}},"95":{"start":{"line":96,"column":0},"end":{"line":96,"column":34}},"96":{"start":{"line":97,"column":0},"end":{"line":97,"column":48}},"97":{"start":{"line":98,"column":0},"end":{"line":98,"column":0}},"98":{"start":{"line":99,"column":0},"end":{"line":99,"column":46}},"99":{"start":{"line":100,"column":0},"end":{"line":100,"column":31}},"100":{"start":{"line":101,"column":0},"end":{"line":101,"column":18}},"101":{"start":{"line":102,"column":0},"end":{"line":102,"column":43}},"102":{"start":{"line":103,"column":0},"end":{"line":103,"column":42}},"103":{"start":{"line":104,"column":0},"end":{"line":104,"column":32}},"104":{"start":{"line":105,"column":0},"end":{"line":105,"column":8}},"105":{"start":{"line":106,"column":0},"end":{"line":106,"column":20}},"106":{"start":{"line":107,"column":0},"end":{"line":107,"column":6}},"107":{"start":{"line":108,"column":0},"end":{"line":108,"column":0}},"108":{"start":{"line":109,"column":0},"end":{"line":109,"column":48}},"109":{"start":{"line":110,"column":0},"end":{"line":110,"column":33}},"110":{"start":{"line":111,"column":0},"end":{"line":111,"column":41}},"111":{"start":{"line":112,"column":0},"end":{"line":112,"column":44}},"112":{"start":{"line":113,"column":0},"end":{"line":113,"column":42}},"113":{"start":{"line":114,"column":0},"end":{"line":114,"column":41}},"114":{"start":{"line":115,"column":0},"end":{"line":115,"column":44}},"115":{"start":{"line":116,"column":0},"end":{"line":116,"column":42}},"116":{"start":{"line":117,"column":0},"end":{"line":117,"column":43}},"117":{"start":{"line":118,"column":0},"end":{"line":118,"column":119}},"118":{"start":{"line":119,"column":0},"end":{"line":119,"column":34}},"119":{"start":{"line":120,"column":0},"end":{"line":120,"column":8}},"120":{"start":{"line":121,"column":0},"end":{"line":121,"column":6}},"121":{"start":{"line":122,"column":0},"end":{"line":122,"column":68}},"122":{"start":{"line":123,"column":0},"end":{"line":123,"column":13}},"123":{"start":{"line":124,"column":0},"end":{"line":124,"column":8}},"124":{"start":{"line":125,"column":0},"end":{"line":125,"column":41}},"125":{"start":{"line":126,"column":0},"end":{"line":126,"column":40}},"126":{"start":{"line":127,"column":0},"end":{"line":127,"column":9}},"127":{"start":{"line":128,"column":0},"end":{"line":128,"column":21}},"128":{"start":{"line":129,"column":0},"end":{"line":129,"column":7}},"129":{"start":{"line":130,"column":0},"end":{"line":130,"column":13}},"130":{"start":{"line":131,"column":0},"end":{"line":131,"column":34}},"131":{"start":{"line":132,"column":0},"end":{"line":132,"column":38}},"132":{"start":{"line":133,"column":0},"end":{"line":133,"column":32}},"133":{"start":{"line":134,"column":0},"end":{"line":134,"column":6}},"134":{"start":{"line":135,"column":0},"end":{"line":135,"column":4}},"135":{"start":{"line":136,"column":0},"end":{"line":136,"column":0}},"136":{"start":{"line":137,"column":0},"end":{"line":137,"column":49}},"137":{"start":{"line":138,"column":0},"end":{"line":138,"column":15}},"138":{"start":{"line":139,"column":0},"end":{"line":139,"column":36}},"139":{"start":{"line":140,"column":0},"end":{"line":140,"column":24}},"140":{"start":{"line":141,"column":0},"end":{"line":141,"column":14}},"141":{"start":{"line":142,"column":0},"end":{"line":142,"column":5}},"142":{"start":{"line":143,"column":0},"end":{"line":143,"column":25}},"143":{"start":{"line":144,"column":0},"end":{"line":144,"column":3}},"144":{"start":{"line":145,"column":0},"end":{"line":145,"column":1}},"145":{"start":{"line":146,"column":0},"end":{"line":146,"column":0}},"146":{"start":{"line":147,"column":0},"end":{"line":147,"column":40}},"147":{"start":{"line":148,"column":0},"end":{"line":148,"column":47}},"148":{"start":{"line":149,"column":0},"end":{"line":149,"column":46}},"149":{"start":{"line":150,"column":0},"end":{"line":150,"column":53}},"150":{"start":{"line":151,"column":0},"end":{"line":151,"column":4}},"151":{"start":{"line":152,"column":0},"end":{"line":152,"column":0}},"152":{"start":{"line":153,"column":0},"end":{"line":153,"column":44}},"153":{"start":{"line":154,"column":0},"end":{"line":154,"column":47}},"154":{"start":{"line":155,"column":0},"end":{"line":155,"column":46}},"155":{"start":{"line":156,"column":0},"end":{"line":156,"column":24}},"156":{"start":{"line":157,"column":0},"end":{"line":157,"column":17}},"157":{"start":{"line":158,"column":0},"end":{"line":158,"column":22}},"158":{"start":{"line":159,"column":0},"end":{"line":159,"column":25}},"159":{"start":{"line":160,"column":0},"end":{"line":160,"column":24}},"160":{"start":{"line":161,"column":0},"end":{"line":161,"column":9}},"161":{"start":{"line":162,"column":0},"end":{"line":162,"column":6}},"162":{"start":{"line":163,"column":0},"end":{"line":163,"column":17}},"163":{"start":{"line":164,"column":0},"end":{"line":164,"column":22}},"164":{"start":{"line":165,"column":0},"end":{"line":165,"column":25}},"165":{"start":{"line":166,"column":0},"end":{"line":166,"column":23}},"166":{"start":{"line":167,"column":0},"end":{"line":167,"column":9}},"167":{"start":{"line":168,"column":0},"end":{"line":168,"column":6}},"168":{"start":{"line":169,"column":0},"end":{"line":169,"column":58}},"169":{"start":{"line":170,"column":0},"end":{"line":170,"column":57}},"170":{"start":{"line":171,"column":0},"end":{"line":171,"column":20}},"171":{"start":{"line":172,"column":0},"end":{"line":172,"column":5}},"172":{"start":{"line":173,"column":0},"end":{"line":173,"column":41}},"173":{"start":{"line":174,"column":0},"end":{"line":174,"column":21}},"174":{"start":{"line":175,"column":0},"end":{"line":175,"column":6}},"175":{"start":{"line":176,"column":0},"end":{"line":176,"column":5}},"176":{"start":{"line":177,"column":0},"end":{"line":177,"column":41}},"177":{"start":{"line":178,"column":0},"end":{"line":178,"column":20}},"178":{"start":{"line":179,"column":0},"end":{"line":179,"column":6}},"179":{"start":{"line":180,"column":0},"end":{"line":180,"column":3}},"180":{"start":{"line":181,"column":0},"end":{"line":181,"column":17}},"181":{"start":{"line":182,"column":0},"end":{"line":182,"column":1}},"182":{"start":{"line":183,"column":0},"end":{"line":183,"column":0}},"183":{"start":{"line":184,"column":0},"end":{"line":184,"column":72}},"184":{"start":{"line":185,"column":0},"end":{"line":185,"column":2}},"185":{"start":{"line":186,"column":0},"end":{"line":186,"column":4}},"186":{"start":{"line":187,"column":0},"end":{"line":187,"column":0}},"187":{"start":{"line":188,"column":0},"end":{"line":188,"column":75}},"188":{"start":{"line":189,"column":0},"end":{"line":189,"column":0}},"189":{"start":{"line":190,"column":0},"end":{"line":190,"column":7}},"190":{"start":{"line":191,"column":0},"end":{"line":191,"column":80}},"191":{"start":{"line":192,"column":0},"end":{"line":192,"column":29}},"192":{"start":{"line":193,"column":0},"end":{"line":193,"column":60}},"193":{"start":{"line":194,"column":0},"end":{"line":194,"column":40}},"194":{"start":{"line":195,"column":0},"end":{"line":195,"column":83}},"195":{"start":{"line":196,"column":0},"end":{"line":196,"column":21}},"196":{"start":{"line":197,"column":0},"end":{"line":197,"column":30}},"197":{"start":{"line":198,"column":0},"end":{"line":198,"column":57}},"198":{"start":{"line":199,"column":0},"end":{"line":199,"column":29}},"199":{"start":{"line":200,"column":0},"end":{"line":200,"column":29}},"200":{"start":{"line":201,"column":0},"end":{"line":201,"column":36}},"201":{"start":{"line":202,"column":0},"end":{"line":202,"column":51}},"202":{"start":{"line":203,"column":0},"end":{"line":203,"column":45}},"203":{"start":{"line":204,"column":0},"end":{"line":204,"column":7}},"204":{"start":{"line":205,"column":0},"end":{"line":205,"column":24}},"205":{"start":{"line":206,"column":0},"end":{"line":206,"column":37}},"206":{"start":{"line":207,"column":0},"end":{"line":207,"column":32}},"207":{"start":{"line":208,"column":0},"end":{"line":208,"column":6}},"208":{"start":{"line":209,"column":0},"end":{"line":209,"column":67}},"209":{"start":{"line":210,"column":0},"end":{"line":210,"column":38}},"210":{"start":{"line":211,"column":0},"end":{"line":211,"column":23}},"211":{"start":{"line":212,"column":0},"end":{"line":212,"column":6}},"212":{"start":{"line":213,"column":0},"end":{"line":213,"column":66}},"213":{"start":{"line":214,"column":0},"end":{"line":214,"column":21}},"214":{"start":{"line":215,"column":0},"end":{"line":215,"column":50}},"215":{"start":{"line":216,"column":0},"end":{"line":216,"column":78}},"216":{"start":{"line":217,"column":0},"end":{"line":217,"column":8}},"217":{"start":{"line":218,"column":0},"end":{"line":218,"column":39}},"218":{"start":{"line":219,"column":0},"end":{"line":219,"column":93}},"219":{"start":{"line":220,"column":0},"end":{"line":220,"column":6}},"220":{"start":{"line":221,"column":0},"end":{"line":221,"column":4}},"221":{"start":{"line":222,"column":0},"end":{"line":222,"column":0}},"222":{"start":{"line":223,"column":0},"end":{"line":223,"column":46}},"223":{"start":{"line":224,"column":0},"end":{"line":224,"column":71}},"224":{"start":{"line":225,"column":0},"end":{"line":225,"column":12}},"225":{"start":{"line":226,"column":0},"end":{"line":226,"column":1}},"226":{"start":{"line":227,"column":0},"end":{"line":227,"column":0}},"227":{"start":{"line":228,"column":0},"end":{"line":228,"column":47}},"228":{"start":{"line":229,"column":0},"end":{"line":229,"column":10}},"229":{"start":{"line":230,"column":0},"end":{"line":230,"column":72}},"230":{"start":{"line":231,"column":0},"end":{"line":231,"column":45}},"231":{"start":{"line":232,"column":0},"end":{"line":232,"column":82}},"232":{"start":{"line":233,"column":0},"end":{"line":233,"column":3}},"233":{"start":{"line":234,"column":0},"end":{"line":234,"column":1}},"234":{"start":{"line":235,"column":0},"end":{"line":235,"column":0}},"235":{"start":{"line":236,"column":0},"end":{"line":236,"column":54}},"236":{"start":{"line":237,"column":0},"end":{"line":237,"column":16}},"237":{"start":{"line":238,"column":0},"end":{"line":238,"column":15}},"238":{"start":{"line":239,"column":0},"end":{"line":239,"column":53}},"239":{"start":{"line":240,"column":0},"end":{"line":240,"column":53}},"240":{"start":{"line":241,"column":0},"end":{"line":241,"column":25}},"241":{"start":{"line":242,"column":0},"end":{"line":242,"column":3}},"242":{"start":{"line":243,"column":0},"end":{"line":243,"column":14}},"243":{"start":{"line":244,"column":0},"end":{"line":244,"column":1}},"244":{"start":{"line":245,"column":0},"end":{"line":245,"column":0}},"245":{"start":{"line":246,"column":0},"end":{"line":246,"column":41}},"246":{"start":{"line":247,"column":0},"end":{"line":247,"column":62}},"247":{"start":{"line":248,"column":0},"end":{"line":248,"column":61}},"248":{"start":{"line":249,"column":0},"end":{"line":249,"column":71}},"249":{"start":{"line":250,"column":0},"end":{"line":250,"column":75}},"250":{"start":{"line":251,"column":0},"end":{"line":251,"column":67}},"251":{"start":{"line":252,"column":0},"end":{"line":252,"column":78}},"252":{"start":{"line":253,"column":0},"end":{"line":253,"column":64}},"253":{"start":{"line":254,"column":0},"end":{"line":254,"column":21}},"254":{"start":{"line":255,"column":0},"end":{"line":255,"column":1}},"255":{"start":{"line":256,"column":0},"end":{"line":256,"column":0}},"256":{"start":{"line":257,"column":0},"end":{"line":257,"column":48}},"257":{"start":{"line":258,"column":0},"end":{"line":258,"column":48}},"258":{"start":{"line":259,"column":0},"end":{"line":259,"column":18}},"259":{"start":{"line":260,"column":0},"end":{"line":260,"column":24}},"260":{"start":{"line":261,"column":0},"end":{"line":261,"column":15}},"261":{"start":{"line":262,"column":0},"end":{"line":262,"column":38}},"262":{"start":{"line":263,"column":0},"end":{"line":263,"column":39}},"263":{"start":{"line":264,"column":0},"end":{"line":264,"column":19}},"264":{"start":{"line":265,"column":0},"end":{"line":265,"column":113}},"265":{"start":{"line":266,"column":0},"end":{"line":266,"column":19}},"266":{"start":{"line":267,"column":0},"end":{"line":267,"column":60}},"267":{"start":{"line":268,"column":0},"end":{"line":268,"column":63}},"268":{"start":{"line":269,"column":0},"end":{"line":269,"column":5}},"269":{"start":{"line":270,"column":0},"end":{"line":270,"column":17}},"270":{"start":{"line":271,"column":0},"end":{"line":271,"column":4}},"271":{"start":{"line":272,"column":0},"end":{"line":272,"column":31}},"272":{"start":{"line":273,"column":0},"end":{"line":273,"column":1}},"273":{"start":{"line":274,"column":0},"end":{"line":274,"column":0}},"274":{"start":{"line":275,"column":0},"end":{"line":275,"column":0}},"275":{"start":{"line":276,"column":0},"end":{"line":276,"column":0}},"276":{"start":{"line":277,"column":0},"end":{"line":277,"column":54}},"277":{"start":{"line":278,"column":0},"end":{"line":278,"column":30}},"278":{"start":{"line":279,"column":0},"end":{"line":279,"column":55}},"279":{"start":{"line":280,"column":0},"end":{"line":280,"column":54}},"280":{"start":{"line":281,"column":0},"end":{"line":281,"column":115}},"281":{"start":{"line":282,"column":0},"end":{"line":282,"column":35}},"282":{"start":{"line":283,"column":0},"end":{"line":283,"column":15}},"283":{"start":{"line":284,"column":0},"end":{"line":284,"column":12}},"284":{"start":{"line":285,"column":0},"end":{"line":285,"column":30}},"285":{"start":{"line":286,"column":0},"end":{"line":286,"column":5}},"286":{"start":{"line":287,"column":0},"end":{"line":287,"column":24}},"287":{"start":{"line":288,"column":0},"end":{"line":288,"column":36}},"288":{"start":{"line":289,"column":0},"end":{"line":289,"column":31}},"289":{"start":{"line":290,"column":0},"end":{"line":290,"column":5}},"290":{"start":{"line":291,"column":0},"end":{"line":291,"column":61}},"291":{"start":{"line":292,"column":0},"end":{"line":292,"column":32}},"292":{"start":{"line":293,"column":0},"end":{"line":293,"column":22}},"293":{"start":{"line":294,"column":0},"end":{"line":294,"column":5}},"294":{"start":{"line":295,"column":0},"end":{"line":295,"column":4}},"295":{"start":{"line":296,"column":0},"end":{"line":296,"column":37}},"296":{"start":{"line":297,"column":0},"end":{"line":297,"column":67}},"297":{"start":{"line":298,"column":0},"end":{"line":298,"column":13}},"298":{"start":{"line":299,"column":0},"end":{"line":299,"column":7}},"299":{"start":{"line":300,"column":0},"end":{"line":300,"column":54}},"300":{"start":{"line":301,"column":0},"end":{"line":301,"column":105}},"301":{"start":{"line":302,"column":0},"end":{"line":302,"column":0}},"302":{"start":{"line":303,"column":0},"end":{"line":303,"column":44}},"303":{"start":{"line":304,"column":0},"end":{"line":304,"column":12}},"304":{"start":{"line":305,"column":0},"end":{"line":305,"column":54}},"305":{"start":{"line":306,"column":0},"end":{"line":306,"column":24}},"306":{"start":{"line":307,"column":0},"end":{"line":307,"column":7}},"307":{"start":{"line":308,"column":0},"end":{"line":308,"column":61}},"308":{"start":{"line":309,"column":0},"end":{"line":309,"column":24}},"309":{"start":{"line":310,"column":0},"end":{"line":310,"column":104}},"310":{"start":{"line":311,"column":0},"end":{"line":311,"column":33}},"311":{"start":{"line":312,"column":0},"end":{"line":312,"column":8}},"312":{"start":{"line":313,"column":0},"end":{"line":313,"column":0}},"313":{"start":{"line":314,"column":0},"end":{"line":314,"column":45}},"314":{"start":{"line":315,"column":0},"end":{"line":315,"column":111}},"315":{"start":{"line":316,"column":0},"end":{"line":316,"column":33}},"316":{"start":{"line":317,"column":0},"end":{"line":317,"column":50}},"317":{"start":{"line":318,"column":0},"end":{"line":318,"column":32}},"318":{"start":{"line":319,"column":0},"end":{"line":319,"column":22}},"319":{"start":{"line":320,"column":0},"end":{"line":320,"column":23}},"320":{"start":{"line":321,"column":0},"end":{"line":321,"column":18}},"321":{"start":{"line":322,"column":0},"end":{"line":322,"column":19}},"322":{"start":{"line":323,"column":0},"end":{"line":323,"column":10}},"323":{"start":{"line":324,"column":0},"end":{"line":324,"column":7}},"324":{"start":{"line":325,"column":0},"end":{"line":325,"column":5}},"325":{"start":{"line":326,"column":0},"end":{"line":326,"column":20}},"326":{"start":{"line":327,"column":0},"end":{"line":327,"column":3}},"327":{"start":{"line":328,"column":0},"end":{"line":328,"column":4}},"328":{"start":{"line":329,"column":0},"end":{"line":329,"column":77}},"329":{"start":{"line":330,"column":0},"end":{"line":330,"column":26}},"330":{"start":{"line":331,"column":0},"end":{"line":331,"column":57}},"331":{"start":{"line":332,"column":0},"end":{"line":332,"column":37}},"332":{"start":{"line":333,"column":0},"end":{"line":333,"column":80}},"333":{"start":{"line":334,"column":0},"end":{"line":334,"column":18}},"334":{"start":{"line":335,"column":0},"end":{"line":335,"column":27}},"335":{"start":{"line":336,"column":0},"end":{"line":336,"column":54}},"336":{"start":{"line":337,"column":0},"end":{"line":337,"column":26}},"337":{"start":{"line":338,"column":0},"end":{"line":338,"column":26}},"338":{"start":{"line":339,"column":0},"end":{"line":339,"column":33}},"339":{"start":{"line":340,"column":0},"end":{"line":340,"column":48}},"340":{"start":{"line":341,"column":0},"end":{"line":341,"column":42}},"341":{"start":{"line":342,"column":0},"end":{"line":342,"column":4}},"342":{"start":{"line":343,"column":0},"end":{"line":343,"column":48}},"343":{"start":{"line":344,"column":0},"end":{"line":344,"column":100}},"344":{"start":{"line":345,"column":0},"end":{"line":345,"column":54}},"345":{"start":{"line":346,"column":0},"end":{"line":346,"column":1}},"346":{"start":{"line":347,"column":0},"end":{"line":347,"column":0}},"347":{"start":{"line":348,"column":0},"end":{"line":348,"column":0}},"348":{"start":{"line":349,"column":0},"end":{"line":349,"column":0}},"349":{"start":{"line":350,"column":0},"end":{"line":350,"column":54}},"350":{"start":{"line":351,"column":0},"end":{"line":351,"column":66}},"351":{"start":{"line":352,"column":0},"end":{"line":352,"column":24}},"352":{"start":{"line":353,"column":0},"end":{"line":353,"column":46}},"353":{"start":{"line":354,"column":0},"end":{"line":354,"column":22}},"354":{"start":{"line":355,"column":0},"end":{"line":355,"column":27}},"355":{"start":{"line":356,"column":0},"end":{"line":356,"column":25}},"356":{"start":{"line":357,"column":0},"end":{"line":357,"column":42}},"357":{"start":{"line":358,"column":0},"end":{"line":358,"column":67}},"358":{"start":{"line":359,"column":0},"end":{"line":359,"column":19}},"359":{"start":{"line":360,"column":0},"end":{"line":360,"column":4}},"360":{"start":{"line":361,"column":0},"end":{"line":361,"column":18}},"361":{"start":{"line":362,"column":0},"end":{"line":362,"column":1}},"362":{"start":{"line":363,"column":0},"end":{"line":363,"column":0}},"363":{"start":{"line":364,"column":0},"end":{"line":364,"column":32}},"364":{"start":{"line":365,"column":0},"end":{"line":365,"column":22}},"365":{"start":{"line":366,"column":0},"end":{"line":366,"column":43}},"366":{"start":{"line":367,"column":0},"end":{"line":367,"column":28}},"367":{"start":{"line":368,"column":0},"end":{"line":368,"column":56}},"368":{"start":{"line":369,"column":0},"end":{"line":369,"column":65}},"369":{"start":{"line":370,"column":0},"end":{"line":370,"column":5}},"370":{"start":{"line":371,"column":0},"end":{"line":371,"column":3}},"371":{"start":{"line":372,"column":0},"end":{"line":372,"column":18}},"372":{"start":{"line":373,"column":0},"end":{"line":373,"column":1}},"373":{"start":{"line":374,"column":0},"end":{"line":374,"column":19}},"374":{"start":{"line":375,"column":0},"end":{"line":375,"column":8}},"375":{"start":{"line":376,"column":0},"end":{"line":376,"column":11}},"376":{"start":{"line":377,"column":0},"end":{"line":377,"column":13}},"377":{"start":{"line":378,"column":0},"end":{"line":378,"column":11}},"378":{"start":{"line":379,"column":0},"end":{"line":379,"column":18}},"379":{"start":{"line":380,"column":0},"end":{"line":380,"column":22}},"380":{"start":{"line":381,"column":0},"end":{"line":381,"column":10}},"381":{"start":{"line":382,"column":0},"end":{"line":382,"column":9}},"382":{"start":{"line":383,"column":0},"end":{"line":383,"column":21}},"383":{"start":{"line":384,"column":0},"end":{"line":384,"column":12}},"384":{"start":{"line":385,"column":0},"end":{"line":385,"column":1}}},"s":{"0":1,"1":1,"2":1,"3":1,"4":1,"5":1,"6":1,"7":1,"8":1,"9":1,"10":1,"11":1,"12":1,"13":1,"14":1,"15":1,"16":1,"17":1,"18":1,"19":1,"20":1,"21":1,"22":1,"23":1,"24":1,"25":1,"26":1,"27":1,"28":1,"29":1,"30":1,"31":1,"32":1,"33":1,"34":1,"35":1,"36":1,"37":1,"38":1,"39":1,"40":1,"41":1,"42":1,"43":1,"44":1,"45":1,"46":1,"47":1,"48":1,"49":1,"50":1,"51":1,"52":1,"53":1,"54":1,"55":1,"56":1,"57":1,"58":1,"59":1,"60":1,"61":1,"62":1,"63":1,"64":1,"65":1,"66":1,"67":1,"68":1,"69":1,"70":1,"71":1,"72":1,"73":1,"74":1,"75":1,"76":1,"77":1,"78":1,"79":1,"80":1,"81":1,"82":1,"83":1,"84":1,"85":1,"86":1,"87":1,"88":1,"89":1,"90":1,"91":1,"92":1,"93":1,"94":1,"95":1,"96":1,"97":1,"98":1,"99":1,"100":1,"101":1,"102":1,"103":1,"104":1,"105":1,"106":1,"107":1,"108":1,"109":1,"110":1,"111":1,"112":1,"113":1,"114":1,"115":1,"116":1,"117":1,"118":1,"119":1,"120":1,"121":1,"122":1,"123":1,"124":1,"125":1,"126":1,"127":1,"128":1,"129":1,"130":1,"131":1,"132":1,"133":1,"134":1,"135":1,"136":1,"137":14,"138":14,"139":29,"140":10,"141":10,"142":29,"143":29,"144":14,"145":1,"146":1,"147":1,"148":1,"149":1,"150":1,"151":1,"152":1,"153":41,"154":41,"155":41,"156":41,"157":41,"158":41,"159":41,"160":41,"161":41,"162":41,"163":41,"164":41,"165":41,"166":41,"167":41,"168":41,"169":41,"170":41,"171":41,"172":41,"173":41,"174":41,"175":41,"176":41,"177":41,"178":41,"179":41,"180":41,"181":41,"182":1,"183":1,"184":1,"185":1,"186":1,"187":1,"188":1,"189":1,"190":1,"191":1,"192":1,"193":1,"194":1,"195":1,"196":1,"197":1,"198":1,"199":1,"200":1,"201":1,"202":1,"203":1,"204":1,"205":1,"206":1,"207":1,"208":1,"209":1,"210":1,"211":1,"212":1,"213":1,"214":1,"215":1,"216":1,"217":1,"218":1,"219":1,"220":1,"221":1,"222":1,"223":95,"224":95,"225":95,"226":1,"227":1,"228":18,"229":18,"230":18,"231":18,"232":18,"233":18,"234":1,"235":1,"236":463,"237":463,"238":463,"239":168,"240":168,"241":168,"242":463,"243":463,"244":1,"245":1,"246":25,"247":25,"248":25,"249":25,"250":25,"251":25,"252":25,"253":25,"254":25,"255":1,"256":1,"257":17,"258":17,"259":17,"260":17,"261":17,"262":119,"263":15,"264":119,"265":24,"266":24,"267":24,"268":24,"269":119,"270":119,"271":17,"272":17,"273":1,"274":1,"275":1,"276":1,"277":32,"278":32,"279":1393,"280":1393,"281":1393,"282":102,"283":1393,"284":1291,"285":1291,"286":1291,"287":1393,"288":9,"289":9,"290":1291,"291":1393,"292":1129,"293":1129,"294":162,"295":1393,"296":311,"297":44,"298":44,"299":267,"300":311,"301":311,"302":311,"303":311,"304":311,"305":311,"306":311,"307":311,"308":311,"309":311,"310":311,"311":311,"312":311,"313":311,"314":1361,"315":1361,"316":1361,"317":1361,"318":1361,"319":1361,"320":1361,"321":1361,"322":1361,"323":1361,"324":267,"325":162,"326":162,"327":32,"328":32,"329":32,"330":32,"331":32,"332":32,"333":32,"334":32,"335":32,"336":32,"337":32,"338":32,"339":32,"340":32,"341":32,"342":32,"343":32,"344":32,"345":32,"346":1,"347":1,"348":1,"349":1,"350":15,"351":15,"352":15,"353":15,"354":15,"355":15,"356":29,"357":29,"358":29,"359":29,"360":15,"361":15,"362":1,"363":1,"364":1,"365":1,"366":2,"367":2,"368":14,"369":14,"370":2,"371":1,"372":1,"373":1,"374":1,"375":1,"376":1,"377":1,"378":1,"379":1,"380":1,"381":1,"382":1,"383":1,"384":1},"branchMap":{"0":{"type":"branch","line":137,"loc":{"start":{"line":137,"column":18},"end":{"line":145,"column":1}},"locations":[{"start":{"line":137,"column":18},"end":{"line":145,"column":1}}]},"1":{"type":"branch","line":139,"loc":{"start":{"line":139,"column":9},"end":{"line":139,"column":35}},"locations":[{"start":{"line":139,"column":9},"end":{"line":139,"column":35}}]},"2":{"type":"branch","line":139,"loc":{"start":{"line":139,"column":35},"end":{"line":144,"column":3}},"locations":[{"start":{"line":139,"column":35},"end":{"line":144,"column":3}}]},"3":{"type":"branch","line":140,"loc":{"start":{"line":140,"column":23},"end":{"line":142,"column":5}},"locations":[{"start":{"line":140,"column":23},"end":{"line":142,"column":5}}]},"4":{"type":"branch","line":143,"loc":{"start":{"line":143,"column":-1},"end":{"line":143,"column":19}},"locations":[{"start":{"line":143,"column":-1},"end":{"line":143,"column":19}}]},"5":{"type":"branch","line":143,"loc":{"start":{"line":143,"column":16},"end":{"line":143,"column":23}},"locations":[{"start":{"line":143,"column":16},"end":{"line":143,"column":23}}]},"6":{"type":"branch","line":143,"loc":{"start":{"line":143,"column":16},"end":{"line":143,"column":25}},"locations":[{"start":{"line":143,"column":16},"end":{"line":143,"column":25}}]},"7":{"type":"branch","line":153,"loc":{"start":{"line":153,"column":27},"end":{"line":182,"column":1}},"locations":[{"start":{"line":153,"column":27},"end":{"line":182,"column":1}}]},"8":{"type":"branch","line":223,"loc":{"start":{"line":223,"column":15},"end":{"line":226,"column":1}},"locations":[{"start":{"line":223,"column":15},"end":{"line":226,"column":1}}]},"9":{"type":"branch","line":224,"loc":{"start":{"line":224,"column":24},"end":{"line":224,"column":28}},"locations":[{"start":{"line":224,"column":24},"end":{"line":224,"column":28}}]},"10":{"type":"branch","line":224,"loc":{"start":{"line":224,"column":24},"end":{"line":224,"column":52}},"locations":[{"start":{"line":224,"column":24},"end":{"line":224,"column":52}}]},"11":{"type":"branch","line":224,"loc":{"start":{"line":224,"column":57},"end":{"line":224,"column":64}},"locations":[{"start":{"line":224,"column":57},"end":{"line":224,"column":64}}]},"12":{"type":"branch","line":228,"loc":{"start":{"line":228,"column":16},"end":{"line":234,"column":1}},"locations":[{"start":{"line":228,"column":16},"end":{"line":234,"column":1}}]},"13":{"type":"branch","line":230,"loc":{"start":{"line":230,"column":11},"end":{"line":230,"column":35}},"locations":[{"start":{"line":230,"column":11},"end":{"line":230,"column":35}}]},"14":{"type":"branch","line":230,"loc":{"start":{"line":230,"column":11},"end":{"line":230,"column":72}},"locations":[{"start":{"line":230,"column":11},"end":{"line":230,"column":72}}]},"15":{"type":"branch","line":232,"loc":{"start":{"line":232,"column":11},"end":{"line":232,"column":45}},"locations":[{"start":{"line":232,"column":11},"end":{"line":232,"column":45}}]},"16":{"type":"branch","line":232,"loc":{"start":{"line":232,"column":11},"end":{"line":232,"column":82}},"locations":[{"start":{"line":232,"column":11},"end":{"line":232,"column":82}}]},"17":{"type":"branch","line":236,"loc":{"start":{"line":236,"column":28},"end":{"line":244,"column":1}},"locations":[{"start":{"line":236,"column":28},"end":{"line":244,"column":1}}]},"18":{"type":"branch","line":239,"loc":{"start":{"line":239,"column":9},"end":{"line":239,"column":37}},"locations":[{"start":{"line":239,"column":9},"end":{"line":239,"column":37}}]},"19":{"type":"branch","line":239,"loc":{"start":{"line":239,"column":9},"end":{"line":239,"column":52}},"locations":[{"start":{"line":239,"column":9},"end":{"line":239,"column":52}}]},"20":{"type":"branch","line":239,"loc":{"start":{"line":239,"column":52},"end":{"line":242,"column":3}},"locations":[{"start":{"line":239,"column":52},"end":{"line":242,"column":3}}]},"21":{"type":"branch","line":240,"loc":{"start":{"line":240,"column":19},"end":{"line":240,"column":34}},"locations":[{"start":{"line":240,"column":19},"end":{"line":240,"column":34}}]},"22":{"type":"branch","line":240,"loc":{"start":{"line":240,"column":19},"end":{"line":240,"column":53}},"locations":[{"start":{"line":240,"column":19},"end":{"line":240,"column":53}}]},"23":{"type":"branch","line":241,"loc":{"start":{"line":241,"column":16},"end":{"line":241,"column":23}},"locations":[{"start":{"line":241,"column":16},"end":{"line":241,"column":23}}]},"24":{"type":"branch","line":241,"loc":{"start":{"line":241,"column":16},"end":{"line":241,"column":25}},"locations":[{"start":{"line":241,"column":16},"end":{"line":241,"column":25}}]},"25":{"type":"branch","line":246,"loc":{"start":{"line":246,"column":24},"end":{"line":255,"column":1}},"locations":[{"start":{"line":246,"column":24},"end":{"line":255,"column":1}}]},"26":{"type":"branch","line":249,"loc":{"start":{"line":249,"column":50},"end":{"line":249,"column":69}},"locations":[{"start":{"line":249,"column":50},"end":{"line":249,"column":69}}]},"27":{"type":"branch","line":251,"loc":{"start":{"line":251,"column":40},"end":{"line":251,"column":55}},"locations":[{"start":{"line":251,"column":40},"end":{"line":251,"column":55}}]},"28":{"type":"branch","line":252,"loc":{"start":{"line":252,"column":46},"end":{"line":252,"column":59}},"locations":[{"start":{"line":252,"column":46},"end":{"line":252,"column":59}}]},"29":{"type":"branch","line":257,"loc":{"start":{"line":257,"column":17},"end":{"line":273,"column":1}},"locations":[{"start":{"line":257,"column":17},"end":{"line":273,"column":1}}]},"30":{"type":"branch","line":262,"loc":{"start":{"line":262,"column":22},"end":{"line":271,"column":4}},"locations":[{"start":{"line":262,"column":22},"end":{"line":271,"column":4}}]},"31":{"type":"branch","line":263,"loc":{"start":{"line":263,"column":8},"end":{"line":263,"column":38}},"locations":[{"start":{"line":263,"column":8},"end":{"line":263,"column":38}}]},"32":{"type":"branch","line":263,"loc":{"start":{"line":263,"column":38},"end":{"line":265,"column":11}},"locations":[{"start":{"line":263,"column":38},"end":{"line":265,"column":11}}]},"33":{"type":"branch","line":265,"loc":{"start":{"line":265,"column":5},"end":{"line":269,"column":5}},"locations":[{"start":{"line":265,"column":5},"end":{"line":269,"column":5}}]},"34":{"type":"branch","line":265,"loc":{"start":{"line":265,"column":17},"end":{"line":265,"column":57}},"locations":[{"start":{"line":265,"column":17},"end":{"line":265,"column":57}}]},"35":{"type":"branch","line":265,"loc":{"start":{"line":265,"column":16},"end":{"line":265,"column":97}},"locations":[{"start":{"line":265,"column":16},"end":{"line":265,"column":97}}]},"36":{"type":"branch","line":265,"loc":{"start":{"line":265,"column":57},"end":{"line":265,"column":97}},"locations":[{"start":{"line":265,"column":57},"end":{"line":265,"column":97}}]},"37":{"type":"branch","line":265,"loc":{"start":{"line":265,"column":15},"end":{"line":265,"column":112}},"locations":[{"start":{"line":265,"column":15},"end":{"line":265,"column":112}}]},"38":{"type":"branch","line":265,"loc":{"start":{"line":265,"column":112},"end":{"line":269,"column":5}},"locations":[{"start":{"line":265,"column":112},"end":{"line":269,"column":5}}]},"39":{"type":"branch","line":277,"loc":{"start":{"line":277,"column":19},"end":{"line":346,"column":1}},"locations":[{"start":{"line":277,"column":19},"end":{"line":346,"column":1}}]},"40":{"type":"branch","line":279,"loc":{"start":{"line":279,"column":16},"end":{"line":327,"column":3}},"locations":[{"start":{"line":279,"column":16},"end":{"line":327,"column":3}}]},"41":{"type":"branch","line":282,"loc":{"start":{"line":282,"column":34},"end":{"line":284,"column":11}},"locations":[{"start":{"line":282,"column":34},"end":{"line":284,"column":11}}]},"42":{"type":"branch","line":284,"loc":{"start":{"line":284,"column":5},"end":{"line":288,"column":8}},"locations":[{"start":{"line":284,"column":5},"end":{"line":288,"column":8}}]},"43":{"type":"branch","line":288,"loc":{"start":{"line":288,"column":35},"end":{"line":290,"column":5}},"locations":[{"start":{"line":288,"column":35},"end":{"line":290,"column":5}}]},"44":{"type":"branch","line":291,"loc":{"start":{"line":291,"column":-1},"end":{"line":292,"column":8}},"locations":[{"start":{"line":291,"column":-1},"end":{"line":292,"column":8}}]},"45":{"type":"branch","line":292,"loc":{"start":{"line":292,"column":31},"end":{"line":294,"column":5}},"locations":[{"start":{"line":292,"column":31},"end":{"line":294,"column":5}}]},"46":{"type":"branch","line":295,"loc":{"start":{"line":295,"column":-1},"end":{"line":296,"column":9}},"locations":[{"start":{"line":295,"column":-1},"end":{"line":296,"column":9}}]},"47":{"type":"branch","line":296,"loc":{"start":{"line":296,"column":36},"end":{"line":325,"column":5}},"locations":[{"start":{"line":296,"column":36},"end":{"line":325,"column":5}}]},"48":{"type":"branch","line":297,"loc":{"start":{"line":297,"column":10},"end":{"line":297,"column":66}},"locations":[{"start":{"line":297,"column":10},"end":{"line":297,"column":66}}]},"49":{"type":"branch","line":297,"loc":{"start":{"line":297,"column":66},"end":{"line":299,"column":7}},"locations":[{"start":{"line":297,"column":66},"end":{"line":299,"column":7}}]},"50":{"type":"branch","line":300,"loc":{"start":{"line":300,"column":-1},"end":{"line":301,"column":43}},"locations":[{"start":{"line":300,"column":-1},"end":{"line":301,"column":43}}]},"51":{"type":"branch","line":301,"loc":{"start":{"line":301,"column":40},"end":{"line":301,"column":47}},"locations":[{"start":{"line":301,"column":40},"end":{"line":301,"column":47}}]},"52":{"type":"branch","line":301,"loc":{"start":{"line":301,"column":40},"end":{"line":301,"column":96}},"locations":[{"start":{"line":301,"column":40},"end":{"line":301,"column":96}}]},"53":{"type":"branch","line":305,"loc":{"start":{"line":305,"column":28},"end":{"line":305,"column":50}},"locations":[{"start":{"line":305,"column":28},"end":{"line":305,"column":50}}]},"54":{"type":"branch","line":305,"loc":{"start":{"line":305,"column":28},"end":{"line":305,"column":54}},"locations":[{"start":{"line":305,"column":28},"end":{"line":305,"column":54}}]},"55":{"type":"branch","line":310,"loc":{"start":{"line":310,"column":38},"end":{"line":310,"column":79}},"locations":[{"start":{"line":310,"column":38},"end":{"line":310,"column":79}}]},"56":{"type":"branch","line":310,"loc":{"start":{"line":310,"column":38},"end":{"line":310,"column":81}},"locations":[{"start":{"line":310,"column":38},"end":{"line":310,"column":81}}]},"57":{"type":"branch","line":314,"loc":{"start":{"line":314,"column":44},"end":{"line":324,"column":7}},"locations":[{"start":{"line":314,"column":44},"end":{"line":324,"column":7}}]},"58":{"type":"branch","line":315,"loc":{"start":{"line":315,"column":29},"end":{"line":315,"column":81}},"locations":[{"start":{"line":315,"column":29},"end":{"line":315,"column":81}}]},"59":{"type":"branch","line":315,"loc":{"start":{"line":315,"column":29},"end":{"line":315,"column":111}},"locations":[{"start":{"line":315,"column":29},"end":{"line":315,"column":111}}]},"60":{"type":"branch","line":325,"loc":{"start":{"line":325,"column":-1},"end":{"line":325,"column":5}},"locations":[{"start":{"line":325,"column":-1},"end":{"line":325,"column":5}}]},"61":{"type":"branch","line":326,"loc":{"start":{"line":326,"column":-1},"end":{"line":327,"column":3}},"locations":[{"start":{"line":326,"column":-1},"end":{"line":327,"column":3}}]},"62":{"type":"branch","line":281,"loc":{"start":{"line":281,"column":42},"end":{"line":281,"column":60}},"locations":[{"start":{"line":281,"column":42},"end":{"line":281,"column":60}}]},"63":{"type":"branch","line":281,"loc":{"start":{"line":281,"column":74},"end":{"line":281,"column":97}},"locations":[{"start":{"line":281,"column":74},"end":{"line":281,"column":97}}]},"64":{"type":"branch","line":291,"loc":{"start":{"line":291,"column":34},"end":{"line":291,"column":40}},"locations":[{"start":{"line":291,"column":34},"end":{"line":291,"column":40}}]},"65":{"type":"branch","line":301,"loc":{"start":{"line":301,"column":63},"end":{"line":301,"column":79}},"locations":[{"start":{"line":301,"column":63},"end":{"line":301,"column":79}}]},"66":{"type":"branch","line":308,"loc":{"start":{"line":308,"column":42},"end":{"line":308,"column":61}},"locations":[{"start":{"line":308,"column":42},"end":{"line":308,"column":61}}]},"67":{"type":"branch","line":350,"loc":{"start":{"line":350,"column":17},"end":{"line":362,"column":1}},"locations":[{"start":{"line":350,"column":17},"end":{"line":362,"column":1}}]},"68":{"type":"branch","line":356,"loc":{"start":{"line":356,"column":16},"end":{"line":360,"column":4}},"locations":[{"start":{"line":356,"column":16},"end":{"line":360,"column":4}}]},"69":{"type":"branch","line":364,"loc":{"start":{"line":364,"column":14},"end":{"line":373,"column":1}},"locations":[{"start":{"line":364,"column":14},"end":{"line":373,"column":1}}]},"70":{"type":"branch","line":366,"loc":{"start":{"line":366,"column":42},"end":{"line":371,"column":3}},"locations":[{"start":{"line":366,"column":42},"end":{"line":371,"column":3}}]},"71":{"type":"branch","line":368,"loc":{"start":{"line":368,"column":55},"end":{"line":370,"column":5}},"locations":[{"start":{"line":368,"column":55},"end":{"line":370,"column":5}}]}},"b":{"0":[14],"1":[31],"2":[29],"3":[10],"4":[19],"5":[12],"6":[7],"7":[41],"8":[95],"9":[47],"10":[48],"11":[336],"12":[18],"13":[15],"14":[3],"15":[15],"16":[3],"17":[463],"18":[572],"19":[521],"20":[168],"21":[94],"22":[74],"23":[94],"24":[74],"25":[25],"26":[700],"27":[225],"28":[11],"29":[17],"30":[119],"31":[101],"32":[15],"33":[104],"34":[90],"35":[95],"36":[79],"37":[24],"38":[24],"39":[32],"40":[1393],"41":[102],"42":[1291],"43":[9],"44":[1291],"45":[1129],"46":[162],"47":[311],"48":[290],"49":[44],"50":[267],"51":[35],"52":[232],"53":[135],"54":[132],"55":[135],"56":[132],"57":[1361],"58":[683],"59":[678],"60":[267],"61":[162],"62":[2786],"63":[2786],"64":[3444],"65":[241],"66":[534],"67":[15],"68":[29],"69":[1],"70":[2],"71":[14]},"fnMap":{"0":{"name":"findEmpty","decl":{"start":{"line":137,"column":18},"end":{"line":145,"column":1}},"loc":{"start":{"line":137,"column":18},"end":{"line":145,"column":1}},"line":137},"1":{"name":"getInitialPointers","decl":{"start":{"line":153,"column":27},"end":{"line":182,"column":1}},"loc":{"start":{"line":153,"column":27},"end":{"line":182,"column":1}},"line":153},"2":{"name":"getRow","decl":{"start":{"line":223,"column":15},"end":{"line":226,"column":1}},"loc":{"start":{"line":223,"column":15},"end":{"line":226,"column":1}},"line":223},"3":{"name":"getRows","decl":{"start":{"line":228,"column":16},"end":{"line":234,"column":1}},"loc":{"start":{"line":228,"column":16},"end":{"line":234,"column":1}},"line":228},"4":{"name":"getContinuousString","decl":{"start":{"line":236,"column":28},"end":{"line":244,"column":1}},"loc":{"start":{"line":236,"column":28},"end":{"line":244,"column":1}},"line":236},"5":{"name":"getValidLetters","decl":{"start":{"line":246,"column":24},"end":{"line":255,"column":1}},"loc":{"start":{"line":246,"column":24},"end":{"line":255,"column":1}},"line":246},"6":{"name":"getRoots","decl":{"start":{"line":257,"column":17},"end":{"line":273,"column":1}},"loc":{"start":{"line":257,"column":17},"end":{"line":273,"column":1}},"line":257},"7":{"name":"expandTree","decl":{"start":{"line":277,"column":19},"end":{"line":346,"column":1}},"loc":{"start":{"line":277,"column":19},"end":{"line":346,"column":1}},"line":277},"8":{"name":"inner","decl":{"start":{"line":279,"column":16},"end":{"line":327,"column":3}},"loc":{"start":{"line":279,"column":16},"end":{"line":327,"column":3}},"line":279},"9":{"name":"solveRow","decl":{"start":{"line":350,"column":17},"end":{"line":362,"column":1}},"loc":{"start":{"line":350,"column":17},"end":{"line":362,"column":1}},"line":350},"10":{"name":"solve","decl":{"start":{"line":364,"column":14},"end":{"line":373,"column":1}},"loc":{"start":{"line":364,"column":14},"end":{"line":373,"column":1}},"line":364}},"f":{"0":14,"1":41,"2":95,"3":18,"4":463,"5":25,"6":17,"7":32,"8":1393,"9":15,"10":1}}
}
