TN:
SF:solver.js
FN:137,findEmpty
FN:153,getInitialPointers
FN:223,getRow
FN:228,getRows
FN:236,getContinuousString
FN:246,getValidLetters
FN:257,getRoots
FN:277,expandTree
FN:279,inner
FN:350,solveRow
FN:364,solve
FNF:11
FNH:11
FNDA:14,findEmpty
FNDA:41,getInitialPointers
FNDA:95,getRow
FNDA:18,getRows
FNDA:463,getContinuousString
FNDA:25,getValidLetters
FNDA:17,getRoots
FNDA:32,expandTree
FNDA:1393,inner
FNDA:15,solveRow
FNDA:1,solve
DA:1,1
DA:2,1
DA:3,1
DA:4,1
DA:5,1
DA:6,1
DA:7,1
DA:8,1
DA:9,1
DA:10,1
DA:11,1
DA:12,1
DA:13,1
DA:14,1
DA:15,1
DA:16,1
DA:17,1
DA:18,1
DA:19,1
DA:20,1
DA:21,1
DA:22,1
DA:23,1
DA:24,1
DA:25,1
DA:26,1
DA:27,1
DA:28,1
DA:29,1
DA:30,1
DA:31,1
DA:32,1
DA:33,1
DA:34,1
DA:35,1
DA:36,1
DA:37,1
DA:38,1
DA:39,1
DA:40,1
DA:41,1
DA:42,1
DA:43,1
DA:44,1
DA:45,1
DA:46,1
DA:47,1
DA:48,1
DA:49,1
DA:50,1
DA:51,1
DA:52,1
DA:53,1
DA:54,1
DA:55,1
DA:56,1
DA:57,1
DA:58,1
DA:59,1
DA:60,1
DA:61,1
DA:62,1
DA:63,1
DA:64,1
DA:65,1
DA:66,1
DA:67,1
DA:68,1
DA:69,1
DA:70,1
DA:71,1
DA:72,1
DA:73,1
DA:74,1
DA:75,1
DA:76,1
DA:77,1
DA:78,1
DA:79,1
DA:80,1
DA:81,1
DA:82,1
DA:83,1
DA:84,1
DA:85,1
DA:86,1
DA:87,1
DA:88,1
DA:89,1
DA:90,1
DA:91,1
DA:92,1
DA:93,1
DA:94,1
DA:95,1
DA:96,1
DA:97,1
DA:98,1
DA:99,1
DA:100,1
DA:101,1
DA:102,1
DA:103,1
DA:104,1
DA:105,1
DA:106,1
DA:107,1
DA:108,1
DA:109,1
DA:110,1
DA:111,1
DA:112,1
DA:113,1
DA:114,1
DA:115,1
DA:116,1
DA:117,1
DA:118,1
DA:119,1
DA:120,1
DA:121,1
DA:122,1
DA:123,1
DA:124,1
DA:125,1
DA:126,1
DA:127,1
DA:128,1
DA:129,1
DA:130,1
DA:131,1
DA:132,1
DA:133,1
DA:134,1
DA:135,1
DA:136,1
DA:137,1
DA:138,14
DA:139,14
DA:140,29
DA:141,10
DA:142,10
DA:143,29
DA:144,29
DA:145,14
DA:146,1
DA:147,1
DA:148,1
DA:149,1
DA:150,1
DA:151,1
DA:152,1
DA:153,1
DA:154,41
DA:155,41
DA:156,41
DA:157,41
DA:158,41
DA:159,41
DA:160,41
DA:161,41
DA:162,41
DA:163,41
DA:164,41
DA:165,41
DA:166,41
DA:167,41
DA:168,41
DA:169,41
DA:170,41
DA:171,41
DA:172,41
DA:173,41
DA:174,41
DA:175,41
DA:176,41
DA:177,41
DA:178,41
DA:179,41
DA:180,41
DA:181,41
DA:182,41
DA:183,1
DA:184,1
DA:185,1
DA:186,1
DA:187,1
DA:188,1
DA:189,1
DA:190,1
DA:191,1
DA:192,1
DA:193,1
DA:194,1
DA:195,1
DA:196,1
DA:197,1
DA:198,1
DA:199,1
DA:200,1
DA:201,1
DA:202,1
DA:203,1
DA:204,1
DA:205,1
DA:206,1
DA:207,1
DA:208,1
DA:209,1
DA:210,1
DA:211,1
DA:212,1
DA:213,1
DA:214,1
DA:215,1
DA:216,1
DA:217,1
DA:218,1
DA:219,1
DA:220,1
DA:221,1
DA:222,1
DA:223,1
DA:224,95
DA:225,95
DA:226,95
DA:227,1
DA:228,1
DA:229,18
DA:230,18
DA:231,18
DA:232,18
DA:233,18
DA:234,18
DA:235,1
DA:236,1
DA:237,463
DA:238,463
DA:239,463
DA:240,168
DA:241,168
DA:242,168
DA:243,463
DA:244,463
DA:245,1
DA:246,1
DA:247,25
DA:248,25
DA:249,25
DA:250,25
DA:251,25
DA:252,25
DA:253,25
DA:254,25
DA:255,25
DA:256,1
DA:257,1
DA:258,17
DA:259,17
DA:260,17
DA:261,17
DA:262,17
DA:263,119
DA:264,15
DA:265,119
DA:266,24
DA:267,24
DA:268,24
DA:269,24
DA:270,119
DA:271,119
DA:272,17
DA:273,17
DA:274,1
DA:275,1
DA:276,1
DA:277,1
DA:278,32
DA:279,32
DA:280,1393
DA:281,1393
DA:282,1393
DA:283,102
DA:284,1393
DA:285,1291
DA:286,1291
DA:287,1291
DA:288,1393
DA:289,9
DA:290,9
DA:291,1291
DA:292,1393
DA:293,1129
DA:294,1129
DA:295,162
DA:296,1393
DA:297,311
DA:298,44
DA:299,44
DA:300,267
DA:301,311
DA:302,311
DA:303,311
DA:304,311
DA:305,311
DA:306,311
DA:307,311
DA:308,311
DA:309,311
DA:310,311
DA:311,311
DA:312,311
DA:313,311
DA:314,311
DA:315,1361
DA:316,1361
DA:317,1361
DA:318,1361
DA:319,1361
DA:320,1361
DA:321,1361
DA:322,1361
DA:323,1361
DA:324,1361
DA:325,267
DA:326,162
DA:327,162
DA:328,32
DA:329,32
DA:330,32
DA:331,32
DA:332,32
DA:333,32
DA:334,32
DA:335,32
DA:336,32
DA:337,32
DA:338,32
DA:339,32
DA:340,32
DA:341,32
DA:342,32
DA:343,32
DA:344,32
DA:345,32
DA:346,32
DA:347,1
DA:348,1
DA:349,1
DA:350,1
DA:351,15
DA:352,15
DA:353,15
DA:354,15
DA:355,15
DA:356,15
DA:357,29
DA:358,29
DA:359,29
DA:360,29
DA:361,15
DA:362,15
DA:363,1
DA:364,1
DA:365,1
DA:366,1
DA:367,2
DA:368,2
DA:369,14
DA:370,14
DA:371,2
DA:372,1
DA:373,1
DA:374,1
DA:375,1
DA:376,1
DA:377,1
DA:378,1
DA:379,1
DA:380,1
DA:381,1
DA:382,1
DA:383,1
DA:384,1
DA:385,1
LF:385
LH:385
BRDA:137,0,0,14
BRDA:139,1,0,31
BRDA:139,2,0,29
BRDA:140,3,0,10
BRDA:143,4,0,19
BRDA:143,5,0,12
BRDA:143,6,0,7
BRDA:153,7,0,41
BRDA:223,8,0,95
BRDA:224,9,0,47
BRDA:224,10,0,48
BRDA:224,11,0,336
BRDA:228,12,0,18
BRDA:230,13,0,15
BRDA:230,14,0,3
BRDA:232,15,0,15
BRDA:232,16,0,3
BRDA:236,17,0,463
BRDA:239,18,0,572
BRDA:239,19,0,521
BRDA:239,20,0,168
BRDA:240,21,0,94
BRDA:240,22,0,74
BRDA:241,23,0,94
BRDA:241,24,0,74
BRDA:246,25,0,25
BRDA:249,26,0,700
BRDA:251,27,0,225
BRDA:252,28,0,11
BRDA:257,29,0,17
BRDA:262,30,0,119
BRDA:263,31,0,101
BRDA:263,32,0,15
BRDA:265,33,0,104
BRDA:265,34,0,90
BRDA:265,35,0,95
BRDA:265,36,0,79
BRDA:265,37,0,24
BRDA:265,38,0,24
BRDA:277,39,0,32
BRDA:279,40,0,1393
BRDA:282,41,0,102
BRDA:284,42,0,1291
BRDA:288,43,0,9
BRDA:291,44,0,1291
BRDA:292,45,0,1129
BRDA:295,46,0,162
BRDA:296,47,0,311
BRDA:297,48,0,290
BRDA:297,49,0,44
BRDA:300,50,0,267
BRDA:301,51,0,35
BRDA:301,52,0,232
BRDA:305,53,0,135
BRDA:305,54,0,132
BRDA:310,55,0,135
BRDA:310,56,0,132
BRDA:314,57,0,1361
BRDA:315,58,0,683
BRDA:315,59,0,678
BRDA:325,60,0,267
BRDA:326,61,0,162
BRDA:281,62,0,2786
BRDA:281,63,0,2786
BRDA:291,64,0,3444
BRDA:301,65,0,241
BRDA:308,66,0,534
BRDA:350,67,0,15
BRDA:356,68,0,29
BRDA:364,69,0,1
BRDA:366,70,0,2
BRDA:368,71,0,14
BRF:72
BRH:72
end_of_record
